Using pre-set license
Built from '2020.3/staging' branch; Version is '2020.3.33f1 (915a7af8b0d5) revision 9525882'; Using compiler version '192528614'; Build Type 'Release'
OS: 'Windows 10  (10.0.19044) 64bit Professional' Language: 'en' Physical Memory: 16381 MB
BatchMode: 1, IsHumanControllingUs: 0, StartBugReporterOnCrash: 0, Is64bit: 1, IsPro: 0

COMMAND LINE ARGUMENTS:
C:\Program Files\Unity\Hub\Editor\2020.3.33f1\Editor\Unity.exe
-adb2
-batchMode
-noUpm
-name
AssetImportWorker0
-projectPath
G:/ImtiazAli_Projects/GitHub_Projects/Amplify-Shadder-Tool/Amplify-Shader-Tool
-logFile
Logs/AssetImportWorker0.log
-srvPort
50249
Successfully changed project path to: G:/ImtiazAli_Projects/GitHub_Projects/Amplify-Shadder-Tool/Amplify-Shader-Tool
G:/ImtiazAli_Projects/GitHub_Projects/Amplify-Shadder-Tool/Amplify-Shader-Tool
Using Asset Import Pipeline V2.
Refreshing native plugins compatible for Editor in 86.70 ms, found 2 plugins.
Preloading 0 native plugins for Editor in 0.00 ms.
Initialize engine version: 2020.3.33f1 (915a7af8b0d5)
[Subsystems] Discovering subsystems at path C:/Program Files/Unity/Hub/Editor/2020.3.33f1/Editor/Data/Resources/UnitySubsystems
[Subsystems] Discovering subsystems at path G:/ImtiazAli_Projects/GitHub_Projects/Amplify-Shadder-Tool/Amplify-Shader-Tool/Assets
GfxDevice: creating device client; threaded=0
Direct3D:
    Version:  Direct3D 11.0 [level 11.0]
    Renderer: NVIDIA GeForce GTX 750 Ti (ID=0x1380)
    Vendor:   
    VRAM:     2007 MB
    Driver:   31.0.15.1694
Shader 'ASESampleShaders/Terrain/TerrainSnowCoverageFirstPass': dependency 'BaseMapShader' shader 'ASESampleShaders/TerrainBase' not found
Initialize mono
Mono path[0] = 'C:/Program Files/Unity/Hub/Editor/2020.3.33f1/Editor/Data/Managed'
Mono path[1] = 'C:/Program Files/Unity/Hub/Editor/2020.3.33f1/Editor/Data/MonoBleedingEdge/lib/mono/unityjit'
Mono config path = 'C:/Program Files/Unity/Hub/Editor/2020.3.33f1/Editor/Data/MonoBleedingEdge/etc'
Using monoOptions --debugger-agent=transport=dt_socket,embedding=1,server=y,suspend=n,address=127.0.0.1:56188
Begin MonoManager ReloadAssembly
Registering precompiled unity dll's ...
Register platform support module: C:/Program Files/Unity/Hub/Editor/2020.3.33f1/Editor/Data/PlaybackEngines/WindowsStandaloneSupport/UnityEditor.WindowsStandalone.Extensions.dll
Registered in 0.003433 seconds.
Native extension for WindowsStandalone target not found
Refreshing native plugins compatible for Editor in 84.10 ms, found 2 plugins.
Preloading 0 native plugins for Editor in 0.00 ms.
Mono: successfully reloaded assembly
- Completed reload, in  0.970 seconds
Domain Reload Profiling:
	ReloadAssembly (970ms)
		BeginReloadAssembly (105ms)
			ExecutionOrderSort (0ms)
			DisableScriptedObjects (0ms)
			BackupInstance (0ms)
			ReleaseScriptingObjects (0ms)
			CreateAndSetChildDomain (1ms)
		EndReloadAssembly (754ms)
			LoadAssemblies (101ms)
			RebuildTransferFunctionScriptingTraits (0ms)
			SetupTypeCache (259ms)
			ReleaseScriptCaches (0ms)
			RebuildScriptCaches (51ms)
			SetupLoadedEditorAssemblies (285ms)
				LogAssemblyErrors (0ms)
				InitializePlatformSupportModulesInManaged (7ms)
				SetLoadedEditorAssemblies (0ms)
				RefreshPlugins (84ms)
				BeforeProcessingInitializeOnLoad (25ms)
				ProcessInitializeOnLoadAttributes (126ms)
				ProcessInitializeOnLoadMethodAttributes (43ms)
				AfterProcessingInitializeOnLoad (0ms)
				EditorAssembliesLoaded (0ms)
			ExecutionOrderSort2 (0ms)
			AwakeInstancesAfterBackupRestoration (0ms)
Platform modules already initialized, skipping
Registering precompiled user dll's ...
Registered in 0.003327 seconds.
Begin MonoManager ReloadAssembly
Symbol file LoadedFromMemory doesn't match image G:\ImtiazAli_Projects\GitHub_Projects\Amplify-Shadder-Tool\Amplify-Shader-Tool\Library\PackageCache\com.unity.collab-proxy@1.15.15\Lib\Editor\PlasticSCM\unityplastic.dll
Native extension for WindowsStandalone target not found
Refreshing native plugins compatible for Editor in 0.70 ms, found 2 plugins.
Preloading 0 native plugins for Editor in 0.00 ms.
Mono: successfully reloaded assembly
- Completed reload, in  1.671 seconds
Domain Reload Profiling:
	ReloadAssembly (1673ms)
		BeginReloadAssembly (247ms)
			ExecutionOrderSort (0ms)
			DisableScriptedObjects (12ms)
			BackupInstance (0ms)
			ReleaseScriptingObjects (0ms)
			CreateAndSetChildDomain (26ms)
		EndReloadAssembly (1324ms)
			LoadAssemblies (161ms)
			RebuildTransferFunctionScriptingTraits (0ms)
			SetupTypeCache (456ms)
			ReleaseScriptCaches (1ms)
			RebuildScriptCaches (110ms)
			SetupLoadedEditorAssemblies (481ms)
				LogAssemblyErrors (0ms)
				InitializePlatformSupportModulesInManaged (7ms)
				SetLoadedEditorAssemblies (1ms)
				RefreshPlugins (1ms)
				BeforeProcessingInitializeOnLoad (125ms)
				ProcessInitializeOnLoadAttributes (319ms)
				ProcessInitializeOnLoadMethodAttributes (17ms)
				AfterProcessingInitializeOnLoad (11ms)
				EditorAssembliesLoaded (0ms)
			ExecutionOrderSort2 (0ms)
			AwakeInstancesAfterBackupRestoration (10ms)
Platform modules already initialized, skipping
========================================================================
Worker process is ready to serve import requests
Shader 'ASESampleShaders/Terrain/TerrainSnowCoverageFirstPass': dependency 'BaseMapShader' shader 'ASESampleShaders/TerrainBase' not found
Launched and connected shader compiler UnityShaderCompiler.exe after 0.05 seconds
Refreshing native plugins compatible for Editor in 0.73 ms, found 2 plugins.
Preloading 0 native plugins for Editor in 0.00 ms.
Unloading 2284 Unused Serialized files (Serialized files now loaded: 0)
System memory in use before: 183.2 MB.
System memory in use after: 183.4 MB.

Unloading 16 unused Assets to reduce memory usage. Loaded Objects now: 2731.
Total: 5.973700 ms (FindLiveObjects: 0.853200 ms CreateObjectMapping: 0.980200 ms MarkObjects: 4.011200 ms  DeleteObjects: 0.127500 ms)

AssetImportParameters requested are different than current active one (requested -> active):
  custom:framework-win-MediaFoundation: 216162199b28c13a410421893ffa2e32 -> 
  custom:video-decoder-ogg-theora: a1e56fd34408186e4bbccfd4996cb3dc -> 
  custom:container-muxer-webm: aa71ff27fc2769a1b78a27578f13a17b -> 
  custom:container-demuxer-webm: 4f35f7cbe854078d1ac9338744f61a02 -> 
  custom:container-demuxer-ogg: 62fdf1f143b41e24485cea50d1cbac27 -> 
  custom:video-encoder-webm-vp8: eb34c28f22e8b96e1ab97ce403110664 -> 
  custom:video-decoder-webm-vp8: 9c59270c3fd7afecdb556c50c9e8de78 -> 
  custom:audio-decoder-ogg-vorbis: bf7c407c2cedff20999df2af8eb42d56 -> 
  custom:audio-encoder-webm-vorbis: bf7c407c2cedff20999df2af8eb42d56 -> 
========================================================================
Received Import Request.
  path: Assets
  artifactKey: Guid(00000000000000001000000000000000) Importer(815301076,1909f56bfc062723c751e8b465ee728b)
Start importing Assets using Guid(00000000000000001000000000000000) Importer(815301076,1909f56bfc062723c751e8b465ee728b)  -> (artifact id: '42d402b061de3733987d63b9cc3b64de') in 0.014919 seconds 
========================================================================
Received Import Request.
  Time since last request: 10.056296 seconds.
  path: Assets/My_Sample_Shaders
  artifactKey: Guid(e34d03beb640b97498164713a2ff5a32) Importer(815301076,1909f56bfc062723c751e8b465ee728b)
Start importing Assets/My_Sample_Shaders using Guid(e34d03beb640b97498164713a2ff5a32) Importer(815301076,1909f56bfc062723c751e8b465ee728b)  -> (artifact id: '14eff3f31ca0ef6eaae03283178a6538') in 0.010879 seconds 
========================================================================
Received Import Request.
  Time since last request: 14.906694 seconds.
  path: Assets/My_Sample_Shaders/Teleport_Shader
  artifactKey: Guid(ea0a4b9c2bd525240a771c0175ba0d41) Importer(815301076,1909f56bfc062723c751e8b465ee728b)
Start importing Assets/My_Sample_Shaders/Teleport_Shader using Guid(ea0a4b9c2bd525240a771c0175ba0d41) Importer(815301076,1909f56bfc062723c751e8b465ee728b)  -> (artifact id: '839372ef8af9c129d99232b83504013f') in 0.011140 seconds 
========================================================================
Received Import Request.
  Time since last request: 28.319488 seconds.
  path: Assets/My_Sample_Shaders/Teleport_Shader/Teleport.shader
  artifactKey: Guid(71eb12f38f8893a4f9d57cb255a20930) Importer(815301076,1909f56bfc062723c751e8b465ee728b)
Start importing Assets/My_Sample_Shaders/Teleport_Shader/Teleport.shader using Guid(71eb12f38f8893a4f9d57cb255a20930) Importer(815301076,1909f56bfc062723c751e8b465ee728b)  -> (artifact id: 'b70f01eb6e4bf947079c21c8f078154e') in 0.065258 seconds 
========================================================================
Received Import Request.
  Time since last request: 118.435198 seconds.
  path: Assets/My_Sample_Shaders/Teleport_Shader/Teleport_Smaple_Scene.unity
  artifactKey: Guid(e12cc288ba181cc4986bdb3b1bf0bfd9) Importer(815301076,1909f56bfc062723c751e8b465ee728b)
Start importing Assets/My_Sample_Shaders/Teleport_Shader/Teleport_Smaple_Scene.unity using Guid(e12cc288ba181cc4986bdb3b1bf0bfd9) Importer(815301076,1909f56bfc062723c751e8b465ee728b)  -> (artifact id: '7b4f5335a89896bd95e97cc37dde78e7') in 0.008676 seconds 
========================================================================
Received Import Request.
  Time since last request: 12.537224 seconds.
  path: Assets/My_Sample_Shaders/Teleport_Shader/Materials
  artifactKey: Guid(ad358e6748652344583d93e970e614cd) Importer(815301076,1909f56bfc062723c751e8b465ee728b)
Start importing Assets/My_Sample_Shaders/Teleport_Shader/Materials using Guid(ad358e6748652344583d93e970e614cd) Importer(815301076,1909f56bfc062723c751e8b465ee728b)  -> (artifact id: '0613e8083773e5149a61850eaf7f80e7') in 0.010065 seconds 
========================================================================
Received Import Request.
  Time since last request: 45.839941 seconds.
  path: Assets/AmplifyShaderEditor/Examples/Assets/Models/WallPanel.fbx
  artifactKey: Guid(e91f7b19526c40b45bf90cfa60742b3a) Importer(815301076,1909f56bfc062723c751e8b465ee728b)
Start importing Assets/AmplifyShaderEditor/Examples/Assets/Models/WallPanel.fbx using Guid(e91f7b19526c40b45bf90cfa60742b3a) Importer(815301076,1909f56bfc062723c751e8b465ee728b)  -> (artifact id: '513536a7c5610f4444121e51c666dd6a') in 0.406775 seconds 
========================================================================
Received Import Request.
  Time since last request: 0.771422 seconds.
  path: Assets/AmplifyShaderEditor/Examples/Assets/Models/tv.fbx
  artifactKey: Guid(8d527972531170946be955405068d689) Importer(815301076,1909f56bfc062723c751e8b465ee728b)
Start importing Assets/AmplifyShaderEditor/Examples/Assets/Models/tv.fbx using Guid(8d527972531170946be955405068d689) Importer(815301076,1909f56bfc062723c751e8b465ee728b)  -> (artifact id: '07d3d36ebd067a904de5a77e2f7486be') in 0.049449 seconds 
========================================================================
Received Import Request.
  Time since last request: 0.249397 seconds.
  path: Assets/AmplifyShaderEditor/Examples/Assets/Models/smallwater.fbx
  artifactKey: Guid(06443348a292aa844b4ea488a15665dd) Importer(815301076,1909f56bfc062723c751e8b465ee728b)
Start importing Assets/AmplifyShaderEditor/Examples/Assets/Models/smallwater.fbx using Guid(06443348a292aa844b4ea488a15665dd) Importer(815301076,1909f56bfc062723c751e8b465ee728b)  -> (artifact id: '871cc591097ee4679c24821e85bb32ac') in 0.031693 seconds 
========================================================================
Received Import Request.
  Time since last request: 0.233771 seconds.
  path: Assets/AmplifyShaderEditor/Examples/Assets/Models/smallmountain.fbx
  artifactKey: Guid(4cd54f9fc75143d488de04041baa9bca) Importer(815301076,1909f56bfc062723c751e8b465ee728b)
Start importing Assets/AmplifyShaderEditor/Examples/Assets/Models/smallmountain.fbx using Guid(4cd54f9fc75143d488de04041baa9bca) Importer(815301076,1909f56bfc062723c751e8b465ee728b)  -> (artifact id: '26244a821043d4db5310f7c77d24496d') in 0.151981 seconds 
========================================================================
Received Import Request.
  Time since last request: 0.101092 seconds.
  path: Assets/AmplifyShaderEditor/Examples/Assets/Models/Shaderball2.FBX
  artifactKey: Guid(2d99c4ba773b74442b65d2e9cb72bfcd) Importer(815301076,1909f56bfc062723c751e8b465ee728b)
Start importing Assets/AmplifyShaderEditor/Examples/Assets/Models/Shaderball2.FBX using Guid(2d99c4ba773b74442b65d2e9cb72bfcd) Importer(815301076,1909f56bfc062723c751e8b465ee728b)  -> (artifact id: 'f2b22bf9a4cfd0f6f328e5709bd8f7cc') in 0.036986 seconds 
========================================================================
Received Import Request.
  Time since last request: 0.173526 seconds.
  path: Assets/AmplifyShaderEditor/Examples/Assets/Models/RoundedCube.fbx
  artifactKey: Guid(0eb2fd97e4b2bc14cbebcba12e219ea4) Importer(815301076,1909f56bfc062723c751e8b465ee728b)
Start importing Assets/AmplifyShaderEditor/Examples/Assets/Models/RoundedCube.fbx using Guid(0eb2fd97e4b2bc14cbebcba12e219ea4) Importer(815301076,1909f56bfc062723c751e8b465ee728b)  -> (artifact id: '7771cfbcde14c08306b457b75d8d5621') in 0.031522 seconds 
========================================================================
Received Import Request.
  Time since last request: 0.377891 seconds.
  path: Assets/AmplifyShaderEditor/Examples/Assets/Models/headlow.fbx
  artifactKey: Guid(8ebc8f13d4ece2249af29d95b7985203) Importer(815301076,1909f56bfc062723c751e8b465ee728b)
Start importing Assets/AmplifyShaderEditor/Examples/Assets/Models/headlow.fbx using Guid(8ebc8f13d4ece2249af29d95b7985203) Importer(815301076,1909f56bfc062723c751e8b465ee728b)  -> (artifact id: '5f9f02c4320c42f0a603e6cb873dd674') in 0.026140 seconds 
========================================================================
Received Import Request.
  Time since last request: 0.445312 seconds.
  path: Assets/AmplifyShaderEditor/Examples/Assets/Models/CalibrationScaleRGB.fbx
  artifactKey: Guid(d58da073ec467bc4bbb5bc2827811ee6) Importer(815301076,1909f56bfc062723c751e8b465ee728b)
Start importing Assets/AmplifyShaderEditor/Examples/Assets/Models/CalibrationScaleRGB.fbx using Guid(d58da073ec467bc4bbb5bc2827811ee6) Importer(815301076,1909f56bfc062723c751e8b465ee728b)  -> (artifact id: '131a95f2714cd7ac3b471f24de6f32d1') in 0.025043 seconds 
========================================================================
Received Import Request.
  Time since last request: 0.354792 seconds.
  path: Assets/AmplifyShaderEditor/Examples/Assets/Models/Materials
  artifactKey: Guid(6fcbe8b33ea8cfc4c97e5863c65eca05) Importer(815301076,1909f56bfc062723c751e8b465ee728b)
Start importing Assets/AmplifyShaderEditor/Examples/Assets/Models/Materials using Guid(6fcbe8b33ea8cfc4c97e5863c65eca05) Importer(815301076,1909f56bfc062723c751e8b465ee728b)  -> (artifact id: '4090c5493c7dae4a85cd6168db3d0333') in 0.003475 seconds 
========================================================================
Received Import Request.
  Time since last request: 2.554553 seconds.
  path: Assets/AmplifyShaderEditor/Examples/Assets/Models
  artifactKey: Guid(003011b321b5e9b4b904640d5dd2093c) Importer(815301076,1909f56bfc062723c751e8b465ee728b)
Start importing Assets/AmplifyShaderEditor/Examples/Assets/Models using Guid(003011b321b5e9b4b904640d5dd2093c) Importer(815301076,1909f56bfc062723c751e8b465ee728b)  -> (artifact id: '44e7e6c7d5a0f0a2575f9e05ca167c27') in 0.009797 seconds 
========================================================================
Received Import Request.
  Time since last request: 351.288429 seconds.
  path: Assets/AmplifyShaderEditor/Examples/Assets/Prefabs
  artifactKey: Guid(aebf4bd4b3c2a1143bbc9029b609d0a3) Importer(815301076,1909f56bfc062723c751e8b465ee728b)
Start importing Assets/AmplifyShaderEditor/Examples/Assets/Prefabs using Guid(aebf4bd4b3c2a1143bbc9029b609d0a3) Importer(815301076,1909f56bfc062723c751e8b465ee728b)  -> (artifact id: 'c268f48cb308694b5c060f570f948137') in 0.011116 seconds 
========================================================================
Received Import Request.
  Time since last request: 25.299949 seconds.
  path: Assets/AmplifyShaderEditor/Examples/Assets/Textures/FakeWindow/Fakewindow_v1.jpg
  artifactKey: Guid(7b120c3c3229f1245b47281ba7c9b80b) Importer(815301076,1909f56bfc062723c751e8b465ee728b)
Start importing Assets/AmplifyShaderEditor/Examples/Assets/Textures/FakeWindow/Fakewindow_v1.jpg using Guid(7b120c3c3229f1245b47281ba7c9b80b) Importer(815301076,1909f56bfc062723c751e8b465ee728b)  -> (artifact id: 'eace13d8c990c1dd8a034bba02b65f46') in 0.073211 seconds 
========================================================================
Received Import Request.
  Time since last request: 0.497937 seconds.
  path: Assets/AmplifyShaderEditor/Examples/Assets/Textures/FakeWindow/Fakewindow_v2.jpg
  artifactKey: Guid(68238187342e117439ce4507180c5a9f) Importer(815301076,1909f56bfc062723c751e8b465ee728b)
Start importing Assets/AmplifyShaderEditor/Examples/Assets/Textures/FakeWindow/Fakewindow_v2.jpg using Guid(68238187342e117439ce4507180c5a9f) Importer(815301076,1909f56bfc062723c751e8b465ee728b)  -> (artifact id: '9baa203e44e1bfb30dde074468e0cc1f') in 0.018504 seconds 
========================================================================
Received Import Request.
  Time since last request: 7.257536 seconds.
  path: Assets/AmplifyShaderEditor/Examples/Assets/Prefabs/RoundedCube.prefab
  artifactKey: Guid(31f5e9d06be14964dabd5e424638c6a3) Importer(815301076,1909f56bfc062723c751e8b465ee728b)
Start importing Assets/AmplifyShaderEditor/Examples/Assets/Prefabs/RoundedCube.prefab using Guid(31f5e9d06be14964dabd5e424638c6a3) Importer(815301076,1909f56bfc062723c751e8b465ee728b)  -> (artifact id: '284cd8467270c9b19d1bc16938048d09') in 0.041109 seconds 
========================================================================
Received Import Request.
  Time since last request: 1.407459 seconds.
  path: Assets/AmplifyShaderEditor/Examples/Assets/Prefabs/SceneElements.prefab
  artifactKey: Guid(82af4827fee368e4c83d72a25f533a4e) Importer(815301076,1909f56bfc062723c751e8b465ee728b)
Start importing Assets/AmplifyShaderEditor/Examples/Assets/Prefabs/SceneElements.prefab using Guid(82af4827fee368e4c83d72a25f533a4e) Importer(815301076,1909f56bfc062723c751e8b465ee728b)  -> (artifact id: '7ba21d219918d90a7911e6657e140364') in 0.032903 seconds 
========================================================================
Received Import Request.
  Time since last request: 0.424522 seconds.
  path: Assets/AmplifyShaderEditor/Examples/Assets/Prefabs/ShaderBall.prefab
  artifactKey: Guid(5fb901ed376616a4d800b32547cef664) Importer(815301076,1909f56bfc062723c751e8b465ee728b)
Start importing Assets/AmplifyShaderEditor/Examples/Assets/Prefabs/ShaderBall.prefab using Guid(5fb901ed376616a4d800b32547cef664) Importer(815301076,1909f56bfc062723c751e8b465ee728b)  -> (artifact id: 'b87c2d03abbd3ca197d5dc63d90ebe4e') in 0.034551 seconds 
========================================================================
Received Import Request.
  Time since last request: 5.274115 seconds.
  path: Assets/AmplifyShaderEditor/Examples/Assets/Prefabs/Ambient-Occlusion/GrassBlades.prefab
  artifactKey: Guid(b3bbb327e2aaff045b1dcd09d5b9f736) Importer(815301076,1909f56bfc062723c751e8b465ee728b)
Start importing Assets/AmplifyShaderEditor/Examples/Assets/Prefabs/Ambient-Occlusion/GrassBlades.prefab using Guid(b3bbb327e2aaff045b1dcd09d5b9f736) Importer(815301076,1909f56bfc062723c751e8b465ee728b)  -> (artifact id: '73ffd6f933b9aeb42c4ad327e010a04d') in 0.497419 seconds 
========================================================================
Received Import Request.
  Time since last request: 6.429349 seconds.
  path: Assets/AmplifyShaderEditor/Examples/Assets/Textures/SceneTextures/BrushedMetalNormal.tif
  artifactKey: Guid(bd734c29baceb63499732f24fbaea45f) Importer(815301076,1909f56bfc062723c751e8b465ee728b)
Start importing Assets/AmplifyShaderEditor/Examples/Assets/Textures/SceneTextures/BrushedMetalNormal.tif using Guid(bd734c29baceb63499732f24fbaea45f) Importer(815301076,1909f56bfc062723c751e8b465ee728b)  -> (artifact id: '70c9194dfe20cd682195e516c7a9ab75') in 0.027474 seconds 
========================================================================
Received Import Request.
  Time since last request: 0.903572 seconds.
  path: Assets/AmplifyShaderEditor/Examples/Assets/Textures/SceneTextures/BrushedMetalSpecular.tif
  artifactKey: Guid(bea7fa376f932ba419f3d1fc95bd1a2b) Importer(815301076,1909f56bfc062723c751e8b465ee728b)
Start importing Assets/AmplifyShaderEditor/Examples/Assets/Textures/SceneTextures/BrushedMetalSpecular.tif using Guid(bea7fa376f932ba419f3d1fc95bd1a2b) Importer(815301076,1909f56bfc062723c751e8b465ee728b)  -> (artifact id: 'a36afe9613b303783bcde14372f992ae') in 0.021152 seconds 
========================================================================
Received Import Request.
  Time since last request: 0.194761 seconds.
  path: Assets/AmplifyShaderEditor/Examples/Assets/Textures/SceneTextures/CalibrationFloorDiffuse.tif
  artifactKey: Guid(a9f953c7353804247b8c3ed6e1c46a2e) Importer(815301076,1909f56bfc062723c751e8b465ee728b)
Start importing Assets/AmplifyShaderEditor/Examples/Assets/Textures/SceneTextures/CalibrationFloorDiffuse.tif using Guid(a9f953c7353804247b8c3ed6e1c46a2e) Importer(815301076,1909f56bfc062723c751e8b465ee728b)  -> (artifact id: 'fcbf72d0e6b5bfe964410b11731d13e8') in 0.021514 seconds 
========================================================================
Received Import Request.
  Time since last request: 0.180867 seconds.
  path: Assets/AmplifyShaderEditor/Examples/Assets/Textures/SceneTextures/CalibrationFloorSpecularGloss.tif
  artifactKey: Guid(f6df8509372384f48bb3fa1a762ba9b3) Importer(815301076,1909f56bfc062723c751e8b465ee728b)
Start importing Assets/AmplifyShaderEditor/Examples/Assets/Textures/SceneTextures/CalibrationFloorSpecularGloss.tif using Guid(f6df8509372384f48bb3fa1a762ba9b3) Importer(815301076,1909f56bfc062723c751e8b465ee728b)  -> (artifact id: '55aff753e5c6072aeca07ab60cd881e1') in 0.014658 seconds 
========================================================================
Received Import Request.
  Time since last request: 0.192790 seconds.
  path: Assets/AmplifyShaderEditor/Examples/Assets/Textures/SceneTextures/CanvasDiffuse.tif
  artifactKey: Guid(d3a780a450cf8584793c374ad13bcaa4) Importer(815301076,1909f56bfc062723c751e8b465ee728b)
Start importing Assets/AmplifyShaderEditor/Examples/Assets/Textures/SceneTextures/CanvasDiffuse.tif using Guid(d3a780a450cf8584793c374ad13bcaa4) Importer(815301076,1909f56bfc062723c751e8b465ee728b)  -> (artifact id: '0805f43e93eea9c6e1fc4cd4a134d16c') in 0.017875 seconds 
========================================================================
Received Import Request.
  Time since last request: 0.187469 seconds.
  path: Assets/AmplifyShaderEditor/Examples/Assets/Textures/SceneTextures/CanvasNormal.tif
  artifactKey: Guid(8178c5ce4aa3d5341804ce7d0ff18428) Importer(815301076,1909f56bfc062723c751e8b465ee728b)
Start importing Assets/AmplifyShaderEditor/Examples/Assets/Textures/SceneTextures/CanvasNormal.tif using Guid(8178c5ce4aa3d5341804ce7d0ff18428) Importer(815301076,1909f56bfc062723c751e8b465ee728b)  -> (artifact id: '7439142f5cb39b3e17d2132f66662611') in 0.026100 seconds 
========================================================================
Received Import Request.
  Time since last request: 0.193543 seconds.
  path: Assets/AmplifyShaderEditor/Examples/Assets/Textures/SceneTextures/CanvasSpecular.tif
  artifactKey: Guid(4855cd84f5ba0c344b80c8009ce51491) Importer(815301076,1909f56bfc062723c751e8b465ee728b)
Start importing Assets/AmplifyShaderEditor/Examples/Assets/Textures/SceneTextures/CanvasSpecular.tif using Guid(4855cd84f5ba0c344b80c8009ce51491) Importer(815301076,1909f56bfc062723c751e8b465ee728b)  -> (artifact id: 'e426f11bd96edf9183fb02ab9598ae09') in 0.015804 seconds 
========================================================================
Received Import Request.
  Time since last request: 0.437082 seconds.
  path: Assets/AmplifyShaderEditor/Examples/Assets/Textures/SceneTextures/MudNormal.tif
  artifactKey: Guid(10ff51d2d87fb7b46b70b55f8551c146) Importer(815301076,1909f56bfc062723c751e8b465ee728b)
Start importing Assets/AmplifyShaderEditor/Examples/Assets/Textures/SceneTextures/MudNormal.tif using Guid(10ff51d2d87fb7b46b70b55f8551c146) Importer(815301076,1909f56bfc062723c751e8b465ee728b)  -> (artifact id: 'f0f3b9256cec1219d60aa69c987c4796') in 0.016895 seconds 
========================================================================
Received Import Request.
  Time since last request: 0.357884 seconds.
  path: Assets/AmplifyShaderEditor/Examples/Assets/Textures/SceneTextures/RubberNormal.tif
  artifactKey: Guid(066f29fd0fc3d0341b96857dcf2cede3) Importer(815301076,1909f56bfc062723c751e8b465ee728b)
Start importing Assets/AmplifyShaderEditor/Examples/Assets/Textures/SceneTextures/RubberNormal.tif using Guid(066f29fd0fc3d0341b96857dcf2cede3) Importer(815301076,1909f56bfc062723c751e8b465ee728b)  -> (artifact id: '1b17839fa636a57b32e4c012ad1bfbf6') in 0.027494 seconds 
========================================================================
Received Import Request.
  Time since last request: 0.190582 seconds.
  path: Assets/AmplifyShaderEditor/Examples/Assets/Textures/SceneTextures/RubberSpecular.tif
  artifactKey: Guid(0688235f1fee46b4581bcc1cf189cf3a) Importer(815301076,1909f56bfc062723c751e8b465ee728b)
Start importing Assets/AmplifyShaderEditor/Examples/Assets/Textures/SceneTextures/RubberSpecular.tif using Guid(0688235f1fee46b4581bcc1cf189cf3a) Importer(815301076,1909f56bfc062723c751e8b465ee728b)  -> (artifact id: '98f96d11d7fb393b068f386f28648d0f') in 0.016667 seconds 
========================================================================
Received Import Request.
  Time since last request: 0.234958 seconds.
  path: Assets/AmplifyShaderEditor/Examples/Assets/Textures/SceneTextures/SkinDiffuse.tif
  artifactKey: Guid(ca1a5e504324857499d1fdeb25489439) Importer(815301076,1909f56bfc062723c751e8b465ee728b)
Start importing Assets/AmplifyShaderEditor/Examples/Assets/Textures/SceneTextures/SkinDiffuse.tif using Guid(ca1a5e504324857499d1fdeb25489439) Importer(815301076,1909f56bfc062723c751e8b465ee728b)  -> (artifact id: '6d80b161d7f63abfeae811e34c844a5d') in 0.015369 seconds 
========================================================================
Received Import Request.
  Time since last request: 0.229586 seconds.
  path: Assets/AmplifyShaderEditor/Examples/Assets/Textures/SceneTextures/SkinNormal.tif
  artifactKey: Guid(233518d21026a2e4397650a59649e438) Importer(815301076,1909f56bfc062723c751e8b465ee728b)
Start importing Assets/AmplifyShaderEditor/Examples/Assets/Textures/SceneTextures/SkinNormal.tif using Guid(233518d21026a2e4397650a59649e438) Importer(815301076,1909f56bfc062723c751e8b465ee728b)  -> (artifact id: 'ecb99ddcca086e127de27c7f430c438b') in 0.019790 seconds 
========================================================================
Received Import Request.
  Time since last request: 0.248873 seconds.
  path: Assets/AmplifyShaderEditor/Examples/Assets/Textures/SceneTextures/SkinOcclusion.tif
  artifactKey: Guid(a133a690c4b9f014cbc6179a83191248) Importer(815301076,1909f56bfc062723c751e8b465ee728b)
Start importing Assets/AmplifyShaderEditor/Examples/Assets/Textures/SceneTextures/SkinOcclusion.tif using Guid(a133a690c4b9f014cbc6179a83191248) Importer(815301076,1909f56bfc062723c751e8b465ee728b)  -> (artifact id: '2e2a048cd59de62d8f4b93a05fbdb31e') in 0.029603 seconds 
========================================================================
Received Import Request.
  Time since last request: 0.237912 seconds.
  path: Assets/AmplifyShaderEditor/Examples/Assets/Textures/SceneTextures/TarpDiffuse.tif
  artifactKey: Guid(f07faad00a1271a4aaf838178232cf95) Importer(815301076,1909f56bfc062723c751e8b465ee728b)
Start importing Assets/AmplifyShaderEditor/Examples/Assets/Textures/SceneTextures/TarpDiffuse.tif using Guid(f07faad00a1271a4aaf838178232cf95) Importer(815301076,1909f56bfc062723c751e8b465ee728b)  -> (artifact id: 'c97c20ba8b246fc252141eca9b4366e6') in 0.017725 seconds 
========================================================================
Received Import Request.
  Time since last request: 0.264435 seconds.
  path: Assets/AmplifyShaderEditor/Examples/Assets/Textures/SceneTextures/TarpHeight.tif
  artifactKey: Guid(6e6cba53deb4f4e41a81667b73a1ca42) Importer(815301076,1909f56bfc062723c751e8b465ee728b)
Start importing Assets/AmplifyShaderEditor/Examples/Assets/Textures/SceneTextures/TarpHeight.tif using Guid(6e6cba53deb4f4e41a81667b73a1ca42) Importer(815301076,1909f56bfc062723c751e8b465ee728b)  -> (artifact id: 'bf6a771aec2050eb4366f75a31175a8c') in 0.016779 seconds 
========================================================================
Received Import Request.
  Time since last request: 0.254984 seconds.
  path: Assets/AmplifyShaderEditor/Examples/Assets/Textures/SceneTextures/TarpNormal.tif
  artifactKey: Guid(5b653e484c8e303439ef414b62f969f0) Importer(815301076,1909f56bfc062723c751e8b465ee728b)
Start importing Assets/AmplifyShaderEditor/Examples/Assets/Textures/SceneTextures/TarpNormal.tif using Guid(5b653e484c8e303439ef414b62f969f0) Importer(815301076,1909f56bfc062723c751e8b465ee728b)  -> (artifact id: 'd0f6d84e152723478783735add4c69f2') in 0.016832 seconds 
========================================================================
Received Prepare
Registering precompiled user dll's ...
Registered in 0.004275 seconds.
Begin MonoManager ReloadAssembly
Symbol file LoadedFromMemory doesn't match image G:\ImtiazAli_Projects\GitHub_Projects\Amplify-Shadder-Tool\Amplify-Shader-Tool\Library\PackageCache\com.unity.collab-proxy@1.15.15\Lib\Editor\PlasticSCM\unityplastic.dll
Native extension for WindowsStandalone target not found
Refreshing native plugins compatible for Editor in 0.80 ms, found 2 plugins.
Preloading 0 native plugins for Editor in 0.00 ms.
Mono: successfully reloaded assembly
- Completed reload, in  1.861 seconds
Domain Reload Profiling:
	ReloadAssembly (1862ms)
		BeginReloadAssembly (209ms)
			ExecutionOrderSort (0ms)
			DisableScriptedObjects (9ms)
			BackupInstance (0ms)
			ReleaseScriptingObjects (0ms)
			CreateAndSetChildDomain (59ms)
		EndReloadAssembly (1536ms)
			LoadAssemblies (218ms)
			RebuildTransferFunctionScriptingTraits (0ms)
			SetupTypeCache (515ms)
			ReleaseScriptCaches (1ms)
			RebuildScriptCaches (125ms)
			SetupLoadedEditorAssemblies (534ms)
				LogAssemblyErrors (0ms)
				InitializePlatformSupportModulesInManaged (8ms)
				SetLoadedEditorAssemblies (1ms)
				RefreshPlugins (1ms)
				BeforeProcessingInitializeOnLoad (139ms)
				ProcessInitializeOnLoadAttributes (350ms)
				ProcessInitializeOnLoadMethodAttributes (20ms)
				AfterProcessingInitializeOnLoad (13ms)
				EditorAssembliesLoaded (1ms)
			ExecutionOrderSort2 (0ms)
			AwakeInstancesAfterBackupRestoration (13ms)
Platform modules already initialized, skipping
Shader 'ASESampleShaders/Terrain/TerrainSnowCoverageFirstPass': dependency 'BaseMapShader' shader 'ASESampleShaders/TerrainBase' not found
Refreshing native plugins compatible for Editor in 1.02 ms, found 2 plugins.
Preloading 0 native plugins for Editor in 0.00 ms.
Unloading 1977 Unused Serialized files (Serialized files now loaded: 0)
System memory in use before: 156.4 MB.
System memory in use after: 156.2 MB.

Unloading 12 unused Assets to reduce memory usage. Loaded Objects now: 2750.
Total: 5.354900 ms (FindLiveObjects: 0.296600 ms CreateObjectMapping: 0.152000 ms MarkObjects: 4.336900 ms  DeleteObjects: 0.567700 ms)

AssetImportParameters requested are different than current active one (requested -> active):
  custom:framework-win-MediaFoundation: 216162199b28c13a410421893ffa2e32 -> 
  custom:video-decoder-ogg-theora: a1e56fd34408186e4bbccfd4996cb3dc -> 
  custom:container-muxer-webm: aa71ff27fc2769a1b78a27578f13a17b -> 
  custom:container-demuxer-webm: 4f35f7cbe854078d1ac9338744f61a02 -> 
  custom:container-demuxer-ogg: 62fdf1f143b41e24485cea50d1cbac27 -> 
  custom:video-encoder-webm-vp8: eb34c28f22e8b96e1ab97ce403110664 -> 
  custom:video-decoder-webm-vp8: 9c59270c3fd7afecdb556c50c9e8de78 -> 
  custom:audio-decoder-ogg-vorbis: bf7c407c2cedff20999df2af8eb42d56 -> 
  custom:audio-encoder-webm-vorbis: bf7c407c2cedff20999df2af8eb42d56 -> 
========================================================================
Received Import Request.
  Time since last request: 1577.127082 seconds.
  path: Assets/Karl_Character.fbx
  artifactKey: Guid(f63b7ac41331ccd47942b0a83d7cf1ea) Importer(815301076,1909f56bfc062723c751e8b465ee728b)
Start importing Assets/Karl_Character.fbx using Guid(f63b7ac41331ccd47942b0a83d7cf1ea) Importer(815301076,1909f56bfc062723c751e8b465ee728b)  -> (artifact id: 'a6e8726ad0f16a0ac183582f06c03958') in 0.396626 seconds 
========================================================================
Received Import Request.
  Time since last request: 6.540887 seconds.
  path: Assets/Ch09_nonPBR@Idle.fbx
  artifactKey: Guid(ce5b48e86a8bda44a94dcee7c044955a) Importer(815301076,1909f56bfc062723c751e8b465ee728b)
Start importing Assets/Ch09_nonPBR@Idle.fbx using Guid(ce5b48e86a8bda44a94dcee7c044955a) Importer(815301076,1909f56bfc062723c751e8b465ee728b)  -> (artifact id: '7ddb1dbfb4890d95fb7a07adc3c71df7') in 0.019355 seconds 
========================================================================
Received Import Request.
  Time since last request: 16.517172 seconds.
  path: Assets/Ch09_nonPBR@Idle.fbx
  artifactKey: Guid(ce5b48e86a8bda44a94dcee7c044955a) Importer(815301076,1909f56bfc062723c751e8b465ee728b)
Start importing Assets/Ch09_nonPBR@Idle.fbx using Guid(ce5b48e86a8bda44a94dcee7c044955a) Importer(815301076,1909f56bfc062723c751e8b465ee728b)  -> (artifact id: '58e78d4d09284184b99322e397796896') in 0.013519 seconds 
========================================================================
Received Import Request.
  Time since last request: 62.564517 seconds.
  path: Assets/My_Sample_Shaders/AnimeGirls
  artifactKey: Guid(fd8ca17b53e7b1643b105c8ead72a269) Importer(815301076,1909f56bfc062723c751e8b465ee728b)
Start importing Assets/My_Sample_Shaders/AnimeGirls using Guid(fd8ca17b53e7b1643b105c8ead72a269) Importer(815301076,1909f56bfc062723c751e8b465ee728b)  -> (artifact id: '8f0ba4d0e95dd07838d7a2140703c1ec') in 0.018786 seconds 
========================================================================
Received Import Request.
  Time since last request: 9.516237 seconds.
  path: Assets/My_Experiments
  artifactKey: Guid(e34d03beb640b97498164713a2ff5a32) Importer(815301076,1909f56bfc062723c751e8b465ee728b)
Start importing Assets/My_Experiments using Guid(e34d03beb640b97498164713a2ff5a32) Importer(815301076,1909f56bfc062723c751e8b465ee728b)  -> (artifact id: '32862f7d889b58daa1bd8e3222ba7382') in 0.022683 seconds 
========================================================================
Received Import Request.
  Time since last request: 6.793921 seconds.
  path: Assets/My_Experiments/Assets
  artifactKey: Guid(c6e34a8555e89954f99ff34b7f81bdbf) Importer(815301076,1909f56bfc062723c751e8b465ee728b)
Start importing Assets/My_Experiments/Assets using Guid(c6e34a8555e89954f99ff34b7f81bdbf) Importer(815301076,1909f56bfc062723c751e8b465ee728b)  -> (artifact id: 'f43024d9380d28f90795f53ec3283859') in 0.003620 seconds 
========================================================================
Received Import Request.
  Time since last request: 8.768172 seconds.
  path: Assets/My_Experiments/Assets/AnimeGirls/BaseCharacter/Underwear1.prefab
  artifactKey: Guid(1733e098fdf8a9447bda920a3e41b14e) Importer(815301076,1909f56bfc062723c751e8b465ee728b)
Start importing Assets/My_Experiments/Assets/AnimeGirls/BaseCharacter/Underwear1.prefab using Guid(1733e098fdf8a9447bda920a3e41b14e) Importer(815301076,1909f56bfc062723c751e8b465ee728b)  -> (artifact id: '1936a397af42cfa9b83805f05a4da04b') in 0.716890 seconds 
========================================================================
Received Import Request.
  Time since last request: 6.172398 seconds.
  path: Assets/My_Experiments/Assets/AnimeGirls/BaseCharacter/BaseCharacter/Sourcefiles
  artifactKey: Guid(3ee06154672a6f945b79158f4e51f142) Importer(815301076,1909f56bfc062723c751e8b465ee728b)
Start importing Assets/My_Experiments/Assets/AnimeGirls/BaseCharacter/BaseCharacter/Sourcefiles using Guid(3ee06154672a6f945b79158f4e51f142) Importer(815301076,1909f56bfc062723c751e8b465ee728b)  -> (artifact id: '5ad289db38fd9146a51e7a4d5f88567c') in 0.011558 seconds 
========================================================================
Received Import Request.
  Time since last request: 1.852719 seconds.
  path: Assets/My_Experiments/Assets/AnimeGirls/BaseCharacter/BaseCharacter/Sourcefiles/BaseCharacter.fbx
  artifactKey: Guid(d8e6717bd7507b44c9fc5a0a6749ec6c) Importer(815301076,1909f56bfc062723c751e8b465ee728b)
Start importing Assets/My_Experiments/Assets/AnimeGirls/BaseCharacter/BaseCharacter/Sourcefiles/BaseCharacter.fbx using Guid(d8e6717bd7507b44c9fc5a0a6749ec6c) Importer(815301076,1909f56bfc062723c751e8b465ee728b)  -> (artifact id: '732476508fa54e0585b34cbf6abafc57') in 0.255644 seconds 
========================================================================
Received Import Request.
  Time since last request: 6.797654 seconds.
  path: Assets/My_Experiments/Assets/AnimeGirls/Casual2/Casual2.prefab
  artifactKey: Guid(93d1a5d897a032341bfc4c53534ab336) Importer(815301076,1909f56bfc062723c751e8b465ee728b)
Start importing Assets/My_Experiments/Assets/AnimeGirls/Casual2/Casual2.prefab using Guid(93d1a5d897a032341bfc4c53534ab336) Importer(815301076,1909f56bfc062723c751e8b465ee728b)  -> (artifact id: '1d0989b4483011cd146933240e967fbb') in 0.077015 seconds 
========================================================================
Received Import Request.
  Time since last request: 122.138011 seconds.
  path: Assets/My_Experiments/Assets/Karl_Character.fbx
  artifactKey: Guid(4de3ce4fc052e884e857c5db075bf89e) Importer(815301076,1909f56bfc062723c751e8b465ee728b)
Start importing Assets/My_Experiments/Assets/Karl_Character.fbx using Guid(4de3ce4fc052e884e857c5db075bf89e) Importer(815301076,1909f56bfc062723c751e8b465ee728b)  -> (artifact id: 'b7b8eb78766a9d7578e5d567818de616') in 0.052571 seconds 
========================================================================
Received Import Request.
  Time since last request: 10.697114 seconds.
  path: Assets/My_Experiments/Assets/Karl_Character.fbx
  artifactKey: Guid(4de3ce4fc052e884e857c5db075bf89e) Importer(815301076,1909f56bfc062723c751e8b465ee728b)
Start importing Assets/My_Experiments/Assets/Karl_Character.fbx using Guid(4de3ce4fc052e884e857c5db075bf89e) Importer(815301076,1909f56bfc062723c751e8b465ee728b)  -> (artifact id: '9c4abf5f0ece5f009b1cc4a306be7b7a') in 0.095471 seconds 
========================================================================
Received Import Request.
  Time since last request: 7.994105 seconds.
  path: Assets/My_Experiments/Assets/Karl_Character.fbm/Ch09_1001_Diffuse.png
  artifactKey: Guid(d26d12e3f7bab1f4c9920eb4de6e5cd7) Importer(815301076,1909f56bfc062723c751e8b465ee728b)
Start importing Assets/My_Experiments/Assets/Karl_Character.fbm/Ch09_1001_Diffuse.png using Guid(d26d12e3f7bab1f4c9920eb4de6e5cd7) Importer(815301076,1909f56bfc062723c751e8b465ee728b)  -> (artifact id: '00000000000000000000000000000000') in 0.028032 seconds  code(4) message(Build asset version error: assets/my_experiments/assets/karl_character.fbm/ch09_1001_diffuse.png in SourceAssetDB has modification time of '2023-03-05T05:32:52.6388738Z' while content on disk has modification time of '2023-03-05T05:32:59.094823Z')
  ERROR: Build asset version error: assets/my_experiments/assets/karl_character.fbm/ch09_1001_diffuse.png in SourceAssetDB has modification time of '2023-03-05T05:32:52.6388738Z' while content on disk has modification time of '2023-03-05T05:32:59.094823Z'
========================================================================
Received Import Request.
  Time since last request: 0.610481 seconds.
  path: Assets/My_Experiments/Assets/Karl_Character.fbm/Ch09_1001_Glossiness.png
  artifactKey: Guid(2673b4dd41304ce44af308312f9f29d5) Importer(815301076,1909f56bfc062723c751e8b465ee728b)
Start importing Assets/My_Experiments/Assets/Karl_Character.fbm/Ch09_1001_Glossiness.png using Guid(2673b4dd41304ce44af308312f9f29d5) Importer(815301076,1909f56bfc062723c751e8b465ee728b)  -> (artifact id: '00000000000000000000000000000000') in 0.017358 seconds  code(4) message(Build asset version error: assets/my_experiments/assets/karl_character.fbm/ch09_1001_glossiness.png in SourceAssetDB has modification time of '2023-03-05T05:32:52.6468741Z' while content on disk has modification time of '2023-03-05T05:32:59.1058231Z')
  ERROR: Build asset version error: assets/my_experiments/assets/karl_character.fbm/ch09_1001_glossiness.png in SourceAssetDB has modification time of '2023-03-05T05:32:52.6468741Z' while content on disk has modification time of '2023-03-05T05:32:59.1058231Z'
========================================================================
Received Import Request.
  Time since last request: 1.084763 seconds.
  path: Assets/My_Experiments/Assets/Karl_Character.fbm/Ch09_1001_Normal.png
  artifactKey: Guid(64a513eec167f1c49883975b7947523a) Importer(815301076,1909f56bfc062723c751e8b465ee728b)
Start importing Assets/My_Experiments/Assets/Karl_Character.fbm/Ch09_1001_Normal.png using Guid(64a513eec167f1c49883975b7947523a) Importer(815301076,1909f56bfc062723c751e8b465ee728b)  -> (artifact id: '00000000000000000000000000000000') in 0.010087 seconds  code(4) message(Build asset version error: assets/my_experiments/assets/karl_character.fbm/ch09_1001_normal.png in SourceAssetDB has modification time of '2023-03-05T05:32:52.6768725Z' while content on disk has modification time of '2023-03-05T05:32:59.1418229Z')
  ERROR: Build asset version error: assets/my_experiments/assets/karl_character.fbm/ch09_1001_normal.png in SourceAssetDB has modification time of '2023-03-05T05:32:52.6768725Z' while content on disk has modification time of '2023-03-05T05:32:59.1418229Z'
========================================================================
Received Import Request.
  Time since last request: 14.629640 seconds.
  path: Assets/My_Experiments/Assets/Karl
  artifactKey: Guid(fa9ad43f502456c45930d096a503b570) Importer(815301076,1909f56bfc062723c751e8b465ee728b)
Start importing Assets/My_Experiments/Assets/Karl using Guid(fa9ad43f502456c45930d096a503b570) Importer(815301076,1909f56bfc062723c751e8b465ee728b)  -> (artifact id: '3a59722abb89e32c7544a7333cd660ad') in 0.010457 seconds 
========================================================================
Received Import Request.
  Time since last request: 1.402421 seconds.
  path: Assets/My_Experiments/Assets/Karl_Character.fbm
  artifactKey: Guid(03ee726e3e2ad0347a9e540b25c2b22c) Importer(815301076,1909f56bfc062723c751e8b465ee728b)
Start importing Assets/My_Experiments/Assets/Karl_Character.fbm using Guid(03ee726e3e2ad0347a9e540b25c2b22c) Importer(815301076,1909f56bfc062723c751e8b465ee728b)  -> (artifact id: 'f7e829b3a82d9b93ae33410b11be835d') in 0.010653 seconds 
========================================================================
Received Import Request.
  Time since last request: 4598.060457 seconds.
  path: Assets/My_Experiments/Assets/Karl_Character.fbm/Ch09_1001_Normal.png
  artifactKey: Guid(64a513eec167f1c49883975b7947523a) Importer(815301076,1909f56bfc062723c751e8b465ee728b)
Start importing Assets/My_Experiments/Assets/Karl_Character.fbm/Ch09_1001_Normal.png using Guid(64a513eec167f1c49883975b7947523a) Importer(815301076,1909f56bfc062723c751e8b465ee728b)  -> (artifact id: '9e71ec5823ea1b623d070195def1675e') in 0.062394 seconds 
========================================================================
Received Import Request.
  Time since last request: 4.845990 seconds.
  path: Assets/My_Experiments/Assets/Karl_Character.fbm/Ch09_1001_Diffuse.png
  artifactKey: Guid(d26d12e3f7bab1f4c9920eb4de6e5cd7) Importer(815301076,1909f56bfc062723c751e8b465ee728b)
Start importing Assets/My_Experiments/Assets/Karl_Character.fbm/Ch09_1001_Diffuse.png using Guid(d26d12e3f7bab1f4c9920eb4de6e5cd7) Importer(815301076,1909f56bfc062723c751e8b465ee728b)  -> (artifact id: 'd6f6cca76c46982f6bec010c6196469a') in 0.039600 seconds 
AssetImportWorkerClient::OnTransportError - code=2 error=End of file
